<?xml version="1.0" encoding="UTF-8"?>
<!-- Generated by org.testng.reporters.JUnitReportReporter -->
<testsuite hostname="HP" failures="0" tests="1" name="RestAssured_3.Test_API_Key" time="2.300" errors="0" timestamp="2023-11-07T11:17:15 IST" skipped="0">
  <testcase classname="RestAssured_3.Test_API_Key" name="getWheatherData" time="2.300"/>
  <system-out/>
</testsuite> <!-- RestAssured_3.Test_API_Key -->
