<?xml version="1.0" encoding="UTF-8"?>
<!-- Generated by org.testng.reporters.JUnitReportReporter -->
<testsuite hostname="HP" failures="0" tests="2" name="RestAssured_3.Test_Basic_Auth" time="3.493" errors="0" timestamp="2023-11-07T10:34:08 IST" skipped="0">
  <testcase classname="RestAssured_3.Test_Basic_Auth" name="testBasicAuth" time="3.361"/>
  <system-out/>
  <testcase classname="RestAssured_3.Test_Basic_Auth" name="testDigetAuth" time="0.132"/>
  <system-out/>
</testsuite> <!-- RestAssured_3.Test_Basic_Auth -->
