<?xml version="1.0" encoding="UTF-8"?>
<!-- Generated by org.testng.reporters.JUnitReportReporter -->
<testsuite hostname="HP" failures="0" tests="1" name="RestAssured_3.TestUploadFIle" time="2.501" errors="0" timestamp="2023-11-07T18:13:12 IST" skipped="0">
  <testcase classname="RestAssured_3.TestUploadFIle" name="testUploadFile" time="2.501"/>
  <system-out/>
</testsuite> <!-- RestAssured_3.TestUploadFIle -->
