<?xml version="1.0" encoding="UTF-8"?>
<!-- Generated by org.testng.reporters.JUnitReportReporter -->
<testsuite hostname="HP" failures="0" tests="2" name="RestAssured_1.CreateJSONArray" time="1.907" errors="0" timestamp="2023-10-28T22:50:02 IST" skipped="1">
  <testcase classname="RestAssured_1.CreateJSONArray" name="TestJsonArrayUsingList" time="1.907"/>
  <system-out/>
  <testcase classname="RestAssured_1.CreateJSONArray" name="TestCreateJsonArray">
    <skipped/>
  </testcase> <!-- TestCreateJsonArray -->
  <system-out/>
</testsuite> <!-- RestAssured_1.CreateJSONArray -->
