<?xml version="1.0" encoding="UTF-8"?>
<!-- Generated by org.testng.reporters.JUnitReportReporter -->
<testsuite hostname="HP" failures="0" tests="2" name="RestAssured_2.TestPatchRequest" time="1.966" errors="0" timestamp="2023-10-30T12:28:22 IST" skipped="1">
  <testcase classname="RestAssured_2.TestPatchRequest" name="testnormalpatch" time="1.966"/>
  <system-out/>
  <testcase classname="RestAssured_2.TestPatchRequest" name="testPatch">
    <skipped/>
  </testcase> <!-- testPatch -->
  <system-out/>
</testsuite> <!-- RestAssured_2.TestPatchRequest -->
