<?xml version="1.0" encoding="UTF-8"?>
<!-- Generated by org.testng.reporters.JUnitReportReporter -->
<testsuite hostname="HP" failures="0" tests="1" name="RestAssured_1.ValidateXMLResponse" time="2.627" errors="0" timestamp="2023-10-28T21:11:11 IST" skipped="0">
  <testcase classname="RestAssured_1.ValidateXMLResponse" name="addPet" time="2.627"/>
  <system-out/>
</testsuite> <!-- RestAssured_1.ValidateXMLResponse -->
