<?xml version="1.0" encoding="UTF-8"?>
<!-- Generated by org.testng.reporters.JUnitReportReporter -->
<testsuite hostname="HP" failures="0" tests="1" name="POJO_Classes.TestEmployee_Pojo_02" time="0.152" errors="0" timestamp="2023-11-01T15:56:10 IST" skipped="0">
  <testcase classname="POJO_Classes.TestEmployee_Pojo_02" name="testPojoClass" time="0.152"/>
  <system-out/>
</testsuite> <!-- POJO_Classes.TestEmployee_Pojo_02 -->
