<?xml version="1.0" encoding="UTF-8"?>
<!-- Generated by org.testng.reporters.JUnitReportReporter -->
<testsuite hostname="HP" failures="0" tests="1" name="RestAssured_1.Test_Patch_Method" time="2.049" errors="0" timestamp="2023-10-27T10:42:07 IST" skipped="0">
  <testcase classname="RestAssured_1.Test_Patch_Method" name="testPatch" time="2.049"/>
  <system-out/>
</testsuite> <!-- RestAssured_1.Test_Patch_Method -->
