<?xml version="1.0" encoding="UTF-8"?>
<!-- Generated by org.testng.reporters.JUnitReportReporter -->
<testsuite hostname="HP" failures="0" tests="1" name="RestAssured_1.Test_serialize_deserlize" time="2.728" errors="0" timestamp="2023-10-29T12:10:16 IST" skipped="0">
  <testcase classname="RestAssured_1.Test_serialize_deserlize" name="testSerielisAnddeserilise" time="2.728"/>
  <system-out/>
</testsuite> <!-- RestAssured_1.Test_serialize_deserlize -->
