<?xml version="1.0" encoding="UTF-8"?>
<!-- Generated by org.testng.reporters.JUnitReportReporter -->
<testsuite hostname="HP" failures="0" tests="2" name="RestAssured_3.ValidateJsonResponse" time="2.544" errors="0" timestamp="2023-11-06T23:18:58 IST" skipped="1">
  <testcase classname="RestAssured_3.ValidateJsonResponse" name="validateHttpjson" time="2.544"/>
  <system-out/>
  <testcase classname="RestAssured_3.ValidateJsonResponse" name="validateJsonResponse">
    <skipped/>
  </testcase> <!-- validateJsonResponse -->
  <system-out/>
</testsuite> <!-- RestAssured_3.ValidateJsonResponse -->
