<?xml version="1.0" encoding="UTF-8"?>
<!-- Generated by org.testng.reporters.JUnitReportReporter -->
<testsuite hostname="HP" failures="0" tests="4" name="RestAssured_2.TestRestRequestWithBDD" time="1.899" errors="0" timestamp="2023-10-30T12:04:28 IST" skipped="3">
  <testcase classname="RestAssured_2.TestRestRequestWithBDD" name="TestnormalPost" time="1.899"/>
  <system-out/>
  <testcase classname="RestAssured_2.TestRestRequestWithBDD" name="getRequest">
    <skipped/>
  </testcase> <!-- getRequest -->
  <system-out/>
  <testcase classname="RestAssured_2.TestRestRequestWithBDD" name="postRequest">
    <skipped/>
  </testcase> <!-- postRequest -->
  <system-out/>
  <testcase classname="RestAssured_2.TestRestRequestWithBDD" name="testget">
    <skipped/>
  </testcase> <!-- testget -->
  <system-out/>
</testsuite> <!-- RestAssured_2.TestRestRequestWithBDD -->
