<?xml version="1.0" encoding="UTF-8"?>
<!-- Generated by org.testng.reporters.JUnitReportReporter -->
<testsuite hostname="HP" failures="0" tests="1" name="RestAssured_2.VerifyResponsebody" time="1.525" errors="0" timestamp="2023-10-30T18:39:07 IST" skipped="0">
  <testcase classname="RestAssured_2.VerifyResponsebody" name="verifyResponse" time="1.525"/>
  <system-out/>
</testsuite> <!-- RestAssured_2.VerifyResponsebody -->
