<?xml version="1.0" encoding="UTF-8"?>
<!-- Generated by org.testng.reporters.JUnitReportReporter -->
<testsuite hostname="HP" failures="0" tests="1" name="RestAssured_1.TestNestedPojoObject" time="3.995" errors="0" timestamp="2023-10-29T15:46:39 IST" skipped="0">
  <testcase classname="RestAssured_1.TestNestedPojoObject" name="NestedPojoObject" time="3.995"/>
  <system-out/>
</testsuite> <!-- RestAssured_1.TestNestedPojoObject -->
