<?xml version="1.0" encoding="UTF-8"?>
<!-- Generated by org.testng.reporters.JUnitReportReporter -->
<testsuite hostname="HP" failures="0" tests="2" name="RestAssured_1.Test_API_Key1" time="1.203" errors="0" timestamp="2023-10-27T22:54:37 IST" skipped="1">
  <testcase classname="RestAssured_1.Test_API_Key1" name="testAPIKey" time="1.203"/>
  <system-out/>
  <testcase classname="RestAssured_1.Test_API_Key1" name="testAPI">
    <skipped/>
  </testcase> <!-- testAPI -->
  <system-out/>
</testsuite> <!-- RestAssured_1.Test_API_Key1 -->
