<?xml version="1.0" encoding="UTF-8"?>
<!-- Generated by org.testng.reporters.JUnitReportReporter -->
<testsuite hostname="HP" failures="0" tests="1" name="RestAssured_1.TestJsonArraySerilizeDeserlize" time="3.367" errors="0" timestamp="2023-10-29T12:45:01 IST" skipped="0">
  <testcase classname="RestAssured_1.TestJsonArraySerilizeDeserlize" name="testJsonArray" time="3.367"/>
  <system-out/>
</testsuite> <!-- RestAssured_1.TestJsonArraySerilizeDeserlize -->
