<?xml version="1.0" encoding="UTF-8"?>
<!-- Generated by org.testng.reporters.JUnitReportReporter -->
<testsuite hostname="HP" failures="0" tests="2" name="RestAssured_2.TestPutRequest" time="2.011" errors="0" timestamp="2023-10-30T12:25:02 IST" skipped="1">
  <testcase classname="RestAssured_2.TestPutRequest" name="testnormalPut" time="2.011"/>
  <system-out/>
  <testcase classname="RestAssured_2.TestPutRequest" name="testPut">
    <skipped/>
  </testcase> <!-- testPut -->
  <system-out/>
</testsuite> <!-- RestAssured_2.TestPutRequest -->
