<?xml version="1.0" encoding="UTF-8"?>
<!-- Generated by org.testng.reporters.JUnitReportReporter -->
<testsuite hostname="HP" failures="0" tests="1" name="RestAssured_3.FirstGetRequest" time="1.314" errors="0" timestamp="2023-11-06T18:22:05 IST" skipped="0">
  <testcase classname="RestAssured_3.FirstGetRequest" name="getMethod" time="1.314"/>
  <system-out/>
</testsuite> <!-- RestAssured_3.FirstGetRequest -->
