<?xml version="1.0" encoding="UTF-8"?>
<!-- Generated by org.testng.reporters.JUnitReportReporter -->
<testsuite hostname="HP" failures="0" tests="2" name="RestAssured_2.TestJavaMap" time="2.102" errors="0" timestamp="2023-10-31T15:51:25 IST" skipped="1">
  <testcase classname="RestAssured_2.TestJavaMap" name="addUser" time="2.102"/>
  <system-out/>
  <testcase classname="RestAssured_2.TestJavaMap" name="createToken">
    <skipped/>
  </testcase> <!-- createToken -->
  <system-out/>
</testsuite> <!-- RestAssured_2.TestJavaMap -->
