<?xml version="1.0" encoding="UTF-8"?>
<!-- Generated by org.testng.reporters.JUnitReportReporter -->
<testsuite hostname="HP" failures="0" tests="5" name="RestAssured_1.Test_Http_Method" time="3.567" errors="0" timestamp="2023-10-27T11:04:09 IST" skipped="0">
  <testcase classname="RestAssured_1.Test_Http_Method" name="test_Get" time="1.502"/>
  <system-out/>
  <testcase classname="RestAssured_1.Test_Http_Method" name="test_Post" time="0.447"/>
  <system-out/>
  <testcase classname="RestAssured_1.Test_Http_Method" name="test_Put" time="0.383"/>
  <system-out/>
  <testcase classname="RestAssured_1.Test_Http_Method" name="test_Patch" time="0.344"/>
  <system-out/>
  <testcase classname="RestAssured_1.Test_Http_Method" name="test_Delete" time="0.891"/>
  <system-out/>
</testsuite> <!-- RestAssured_1.Test_Http_Method -->
