<?xml version="1.0" encoding="UTF-8"?>
<!-- Generated by org.testng.reporters.JUnitReportReporter -->
<testsuite hostname="HP" failures="0" tests="2" name="RestAssured_2.ValidateHttpResponse" time="1.101" errors="0" timestamp="2023-10-30T17:34:33 IST" skipped="1">
  <testcase classname="RestAssured_2.ValidateHttpResponse" name="verifyResponseusingbdd" time="1.101"/>
  <system-out/>
  <testcase classname="RestAssured_2.ValidateHttpResponse" name="verifyResponse">
    <skipped/>
  </testcase> <!-- verifyResponse -->
  <system-out/>
</testsuite> <!-- RestAssured_2.ValidateHttpResponse -->
