<?xml version="1.0" encoding="UTF-8"?>
<!-- Generated by org.testng.reporters.JUnitReportReporter -->
<testsuite hostname="HP" failures="0" tests="1" name="RestAssured_1.Test_Ignore_Pojo_field" time="0.152" errors="0" timestamp="2023-10-29T17:03:55 IST" skipped="0">
  <testcase classname="RestAssured_1.Test_Ignore_Pojo_field" name="testIgnorefield" time="0.152"/>
  <system-out/>
</testsuite> <!-- RestAssured_1.Test_Ignore_Pojo_field -->
