<?xml version="1.0" encoding="UTF-8"?>
<!-- Generated by org.testng.reporters.JUnitReportReporter -->
<testsuite hostname="HP" failures="0" tests="1" name="POJO_Classes.TestUsePojo_1" time="2.619" errors="0" timestamp="2023-11-01T12:33:31 IST" skipped="0">
  <testcase classname="POJO_Classes.TestUsePojo_1" name="testPojoClass1" time="2.619"/>
  <system-out/>
</testsuite> <!-- POJO_Classes.TestUsePojo_1 -->
