<?xml version="1.0" encoding="UTF-8"?>
<!-- Generated by org.testng.reporters.JUnitReportReporter -->
<testsuite hostname="HP" failures="0" tests="2" name="RestAssured_2.JsonArrayUsingObject_List" time="1.517" errors="0" timestamp="2023-10-31T16:42:34 IST" skipped="1">
  <testcase classname="RestAssured_2.JsonArrayUsingObject_List" name="UserArrayusingList" time="1.517"/>
  <system-out/>
  <testcase classname="RestAssured_2.JsonArrayUsingObject_List" name="UserArray1">
    <skipped/>
  </testcase> <!-- UserArray1 -->
  <system-out/>
</testsuite> <!-- RestAssured_2.JsonArrayUsingObject_List -->
