<?xml version="1.0" encoding="UTF-8"?>
<!-- Generated by org.testng.reporters.JUnitReportReporter -->
<testsuite hostname="HP" failures="0" tests="2" name="RestAssured_1.TestJsonObject" time="3.426" errors="0" timestamp="2023-10-28T21:40:47 IST" skipped="0">
  <testcase classname="RestAssured_1.TestJsonObject" name="testCreateUser" time="1.849"/>
  <system-out/>
  <testcase classname="RestAssured_1.TestJsonObject" name="testJson" time="1.577"/>
  <system-out/>
</testsuite> <!-- RestAssured_1.TestJsonObject -->
