<?xml version="1.0" encoding="UTF-8"?>
<!-- Generated by org.testng.reporters.JUnitReportReporter -->
<testsuite hostname="HP" failures="0" tests="2" name="RestAssured_2.TestDeleteRequest" time="1.356" errors="0" timestamp="2023-10-30T12:34:16 IST" skipped="1">
  <testcase classname="RestAssured_2.TestDeleteRequest" name="testnormalDelete" time="1.356"/>
  <system-out/>
  <testcase classname="RestAssured_2.TestDeleteRequest" name="testDelete">
    <skipped/>
  </testcase> <!-- testDelete -->
  <system-out/>
</testsuite> <!-- RestAssured_2.TestDeleteRequest -->
