<?xml version="1.0" encoding="UTF-8"?>
<!-- Generated by org.testng.reporters.JUnitReportReporter -->
<testsuite hostname="HP" failures="0" tests="1" name="RestAssured_2.TestGetRequest" time="5.392" errors="0" timestamp="2023-10-30T10:49:56 IST" skipped="0">
  <testcase classname="RestAssured_2.TestGetRequest" name="testget" time="5.392"/>
  <system-out/>
</testsuite> <!-- RestAssured_2.TestGetRequest -->
