<?xml version="1.0" encoding="UTF-8"?>
<!-- Generated by org.testng.reporters.JUnitReportReporter -->
<testsuite hostname="HP" failures="0" tests="1" name="RestAssured_2.TestJson_XMlData" time="2.645" errors="0" timestamp="2023-10-31T11:47:26 IST" skipped="0">
  <testcase classname="RestAssured_2.TestJson_XMlData" name="testJsonXMlResp" time="2.645"/>
  <system-out/>
</testsuite> <!-- RestAssured_2.TestJson_XMlData -->
