<?xml version="1.0" encoding="UTF-8"?>
<!-- Generated by org.testng.reporters.JUnitReportReporter -->
<testsuite hostname="HP" failures="0" tests="1" name="RestAssured_2.TestAPIKey" time="1.865" errors="0" timestamp="2023-10-30T22:49:36 IST" skipped="0">
  <testcase classname="RestAssured_2.TestAPIKey" name="testAPIKey" time="1.865"/>
  <system-out/>
</testsuite> <!-- RestAssured_2.TestAPIKey -->
