<?xml version="1.0" encoding="UTF-8"?>
<!-- Generated by org.testng.reporters.JUnitReportReporter -->
<testsuite hostname="HP" failures="0" tests="1" name="RestAssured_1.Test_Delete_Method" time="1.410" errors="0" timestamp="2023-10-27T10:50:29 IST" skipped="0">
  <testcase classname="RestAssured_1.Test_Delete_Method" name="testdelete" time="1.410"/>
  <system-out/>
</testsuite> <!-- RestAssured_1.Test_Delete_Method -->
