<?xml version="1.0" encoding="UTF-8"?>
<!-- Generated by org.testng.reporters.JUnitReportReporter -->
<testsuite hostname="HP" failures="0" tests="1" name="RestAssured_1.AddHeader" time="1.431" errors="0" timestamp="2023-10-29T21:47:58 IST" skipped="0">
  <testcase classname="RestAssured_1.AddHeader" name="checkAddHeader" time="1.431"/>
  <system-out/>
</testsuite> <!-- RestAssured_1.AddHeader -->
