<?xml version="1.0" encoding="UTF-8"?>
<!-- Generated by org.testng.reporters.JUnitReportReporter -->
<testsuite hostname="HP" failures="0" tests="1" name="RestAssured_2.ValidateJsonResponse" time="1.938" errors="0" timestamp="2023-11-01T17:04:19 IST" skipped="0">
  <testcase classname="RestAssured_2.ValidateJsonResponse" name="validateResponse" time="1.938"/>
  <system-out/>
</testsuite> <!-- RestAssured_2.ValidateJsonResponse -->
