<?xml version="1.0" encoding="UTF-8"?>
<!-- Generated by org.testng.reporters.JUnitReportReporter -->
<testsuite hostname="HP" failures="0" tests="1" name="RestAssured_1.Test_demo_Pojo_26" time="0.171" errors="0" timestamp="2023-10-29T18:52:17 IST" skipped="0">
  <testcase classname="RestAssured_1.Test_demo_Pojo_26" name="testDemo" time="0.171"/>
  <system-out/>
</testsuite> <!-- RestAssured_1.Test_demo_Pojo_26 -->
