<?xml version="1.0" encoding="UTF-8"?>
<!-- Generated by org.testng.reporters.JUnitReportReporter -->
<testsuite hostname="HP" failures="0" tests="1" name="RestAssured_3.TestBearerToken" time="1.928" errors="0" timestamp="2023-11-07T11:05:54 IST" skipped="0">
  <testcase classname="RestAssured_3.TestBearerToken" name="testBearerToken" time="1.928"/>
  <system-out/>
</testsuite> <!-- RestAssured_3.TestBearerToken -->
