<?xml version="1.0" encoding="UTF-8"?>
<!-- Generated by org.testng.reporters.JUnitReportReporter -->
<testsuite hostname="HP" failures="0" tests="2" name="RestAssured_1.Validate_Response_Body" time="1.927" errors="0" timestamp="2023-10-27T17:13:07 IST" skipped="1">
  <testcase classname="RestAssured_1.Validate_Response_Body" name="testesponsebody1" time="1.927"/>
  <system-out/>
  <testcase classname="RestAssured_1.Validate_Response_Body" name="testesponsebody">
    <skipped/>
  </testcase> <!-- testesponsebody -->
  <system-out/>
</testsuite> <!-- RestAssured_1.Validate_Response_Body -->
