<?xml version="1.0" encoding="UTF-8"?>
<!-- Generated by org.testng.reporters.JUnitReportReporter -->
<testsuite hostname="HP" failures="0" tests="1" name="RestAssured_1.TestJsonInclude" time="0.184" errors="0" timestamp="2023-10-29T17:17:33 IST" skipped="0">
  <testcase classname="RestAssured_1.TestJsonInclude" name="method1" time="0.184"/>
  <system-out/>
</testsuite> <!-- RestAssured_1.TestJsonInclude -->
