<?xml version="1.0" encoding="UTF-8"?>
<!-- Generated by org.testng.reporters.JUnitReportReporter -->
<testsuite hostname="HP" failures="0" tests="4" name="RestAssured_1.TestOwnAPI" time="1.280" errors="0" timestamp="2023-10-29T10:49:40 IST" skipped="3">
  <testcase classname="RestAssured_1.TestOwnAPI" name="readuserdata" time="1.280"/>
  <system-out/>
  <testcase classname="RestAssured_1.TestOwnAPI" name="updateUserData">
    <skipped/>
  </testcase> <!-- updateUserData -->
  <system-out/>
  <testcase classname="RestAssured_1.TestOwnAPI" name="createUserData">
    <skipped/>
  </testcase> <!-- createUserData -->
  <system-out/>
  <testcase classname="RestAssured_1.TestOwnAPI" name="deleteUserData">
    <skipped/>
  </testcase> <!-- deleteUserData -->
  <system-out/>
</testsuite> <!-- RestAssured_1.TestOwnAPI -->
