<?xml version="1.0" encoding="UTF-8"?>
<!-- Generated by org.testng.reporters.JUnitReportReporter -->
<testsuite hostname="HP" failures="0" tests="1" name="FirstGetRequest" time="1.261" errors="0" timestamp="2023-10-26T22:25:37 IST" skipped="0">
  <testcase classname="FirstGetRequest" name="CheckGet" time="1.261"/>
  <system-out/>
</testsuite> <!-- FirstGetRequest -->
