<?xml version="1.0" encoding="UTF-8"?>
<!-- Generated by org.testng.reporters.JUnitReportReporter -->
<testsuite hostname="HP" failures="0" tests="5" name="RestAssured_3.NormalAllRequest" time="1.998" errors="0" timestamp="2023-11-06T21:45:20 IST" skipped="4">
  <testcase classname="RestAssured_3.NormalAllRequest" name="testdeletemethod" time="1.998"/>
  <system-out/>
  <testcase classname="RestAssured_3.NormalAllRequest" name="testPatchmethod">
    <skipped/>
  </testcase> <!-- testPatchmethod -->
  <system-out/>
  <testcase classname="RestAssured_3.NormalAllRequest" name="testGetmethod">
    <skipped/>
  </testcase> <!-- testGetmethod -->
  <system-out/>
  <testcase classname="RestAssured_3.NormalAllRequest" name="testPostmethod">
    <skipped/>
  </testcase> <!-- testPostmethod -->
  <system-out/>
  <testcase classname="RestAssured_3.NormalAllRequest" name="testPutmethod">
    <skipped/>
  </testcase> <!-- testPutmethod -->
  <system-out/>
</testsuite> <!-- RestAssured_3.NormalAllRequest -->
