<?xml version="1.0" encoding="UTF-8"?>
<!-- Generated by org.testng.reporters.JUnitReportReporter -->
<testsuite hostname="HP" failures="0" tests="1" name="RestAssured_1.Test_Query_Parameter" time="1.897" errors="0" timestamp="2023-10-27T18:23:18 IST" skipped="0">
  <testcase classname="RestAssured_1.Test_Query_Parameter" name="testqueryParemeter1" time="1.897"/>
  <system-out/>
</testsuite> <!-- RestAssured_1.Test_Query_Parameter -->
