<?xml version="1.0" encoding="UTF-8"?>
<!-- Generated by org.testng.reporters.JUnitReportReporter -->
<testsuite hostname="HP" failures="0" tests="1" name="RestAssured_3.Employee_Pojo_Class1_SerDerObject" time="0.191" errors="0" timestamp="2023-11-07T18:55:29 IST" skipped="0">
  <testcase classname="RestAssured_3.Employee_Pojo_Class1_SerDerObject" name="testPojoClass" time="0.191"/>
  <system-out/>
</testsuite> <!-- RestAssured_3.Employee_Pojo_Class1_SerDerObject -->
