<?xml version="1.0" encoding="UTF-8"?>
<!-- Generated by org.testng.reporters.JUnitReportReporter -->
<testsuite hostname="HP" failures="0" tests="1" name="RestAssured_3.TestDeserlizeJson" time="1.956" errors="0" timestamp="2023-11-07T12:11:06 IST" skipped="0">
  <testcase classname="RestAssured_3.TestDeserlizeJson" name="TestSerlizejson" time="1.956"/>
  <system-out/>
</testsuite> <!-- RestAssured_3.TestDeserlizeJson -->
