<?xml version="1.0" encoding="UTF-8"?>
<!-- Generated by org.testng.reporters.JUnitReportReporter -->
<testsuite hostname="HP" failures="0" tests="5" name="RestAssured_3.BDDStyleAllRequest" time="1.969" errors="0" timestamp="2023-11-06T19:14:56 IST" skipped="4">
  <testcase classname="RestAssured_3.BDDStyleAllRequest" name="TestDelete" time="1.969"/>
  <system-out/>
  <testcase classname="RestAssured_3.BDDStyleAllRequest" name="patchtmethod">
    <skipped/>
  </testcase> <!-- patchtmethod -->
  <system-out/>
  <testcase classname="RestAssured_3.BDDStyleAllRequest" name="TestGet">
    <skipped/>
  </testcase> <!-- TestGet -->
  <system-out/>
  <testcase classname="RestAssured_3.BDDStyleAllRequest" name="postmethod">
    <skipped/>
  </testcase> <!-- postmethod -->
  <system-out/>
  <testcase classname="RestAssured_3.BDDStyleAllRequest" name="putmethod">
    <skipped/>
  </testcase> <!-- putmethod -->
  <system-out/>
</testsuite> <!-- RestAssured_3.BDDStyleAllRequest -->
