<?xml version="1.0" encoding="UTF-8"?>
<!-- Generated by org.testng.reporters.JUnitReportReporter -->
<testsuite hostname="HP" failures="0" tests="2" name="RestAssured_1.Test_Basic_Auths" time="5.955" errors="0" timestamp="2023-10-27T19:15:07 IST" skipped="0">
  <testcase classname="RestAssured_1.Test_Basic_Auths" name="testbasicAuth" time="2.148"/>
  <system-out/>
  <testcase classname="RestAssured_1.Test_Basic_Auths" name="testDigestAuth" time="3.807"/>
  <system-out/>
</testsuite> <!-- RestAssured_1.Test_Basic_Auths -->
