<?xml version="1.0" encoding="UTF-8"?>
<!-- Generated by org.testng.reporters.JUnitReportReporter -->
<testsuite hostname="HP" failures="0" tests="1" name="RestAssured_3.ValidateHttpRespoonseHeader" time="1.807" errors="0" timestamp="2023-11-06T22:33:27 IST" skipped="0">
  <testcase classname="RestAssured_3.ValidateHttpRespoonseHeader" name="testvalidateHttpResponseHeader" time="1.807"/>
  <system-out/>
</testsuite> <!-- RestAssured_3.ValidateHttpRespoonseHeader -->
