<?xml version="1.0" encoding="UTF-8"?>
<!-- Generated by org.testng.reporters.JUnitReportReporter -->
<testsuite hostname="HP" failures="0" tests="1" name="RestAssured_1.Validate_Response_Header" time="1.458" errors="0" timestamp="2023-10-27T15:58:23 IST" skipped="0">
  <testcase classname="RestAssured_1.Validate_Response_Header" name="testHeader" time="1.458"/>
  <system-out/>
</testsuite> <!-- RestAssured_1.Validate_Response_Header -->
