<?xml version="1.0" encoding="UTF-8"?>
<!-- Generated by org.testng.reporters.JUnitReportReporter -->
<testsuite hostname="HP" failures="0" tests="2" name="RestAssured_1.Test_Get_Method" time="1.336" errors="0" timestamp="2023-10-27T10:00:59 IST" skipped="0">
  <testcase classname="RestAssured_1.Test_Get_Method" name="test02" time="0.068"/>
  <system-out/>
  <testcase classname="RestAssured_1.Test_Get_Method" name="getMethod" time="1.268"/>
  <system-out/>
</testsuite> <!-- RestAssured_1.Test_Get_Method -->
