<?xml version="1.0" encoding="UTF-8"?>
<!-- Generated by org.testng.reporters.JUnitReportReporter -->
<testsuite hostname="HP" failures="0" tests="1" name="RestAssured_1.TestResponses" time="3.080" errors="0" timestamp="2023-10-29T22:17:58 IST" skipped="0">
  <testcase classname="RestAssured_1.TestResponses" name="testResponse" time="3.080"/>
  <system-out/>
</testsuite> <!-- RestAssured_1.TestResponses -->
