<?xml version="1.0" encoding="UTF-8"?>
<!-- Generated by org.testng.reporters.JUnitReportReporter -->
<testsuite hostname="HP" failures="0" tests="1" name="POJO_Classes.TestSerlize_Deserlize" time="3.523" errors="0" timestamp="2023-10-31T19:08:09 IST" skipped="0">
  <testcase classname="POJO_Classes.TestSerlize_Deserlize" name="serlizeDerlise" time="3.523"/>
  <system-out/>
</testsuite> <!-- POJO_Classes.TestSerlize_Deserlize -->
