<?xml version="1.0" encoding="UTF-8"?>
<!-- Generated by org.testng.reporters.JUnitReportReporter -->
<testsuite hostname="HP" failures="0" tests="1" name="RestAssured_1.Test_Deserielize_JsonData" time="2.221" errors="0" timestamp="2023-10-28T11:03:47 IST" skipped="0">
  <testcase classname="RestAssured_1.Test_Deserielize_JsonData" name="testDeserilze" time="2.221"/>
  <system-out/>
</testsuite> <!-- RestAssured_1.Test_Deserielize_JsonData -->
