<?xml version="1.0" encoding="UTF-8"?>
<!-- Generated by org.testng.reporters.JUnitReportReporter -->
<testsuite hostname="HP" failures="0" tests="2" name="RestAssured_3.TestJsonArray_JsonObject_List" time="1.831" errors="0" timestamp="2023-11-07T16:17:55 IST" skipped="1">
  <testcase classname="RestAssured_3.TestJsonArray_JsonObject_List" name="testJsonArrayusingList" time="1.831"/>
  <system-out/>
  <testcase classname="RestAssured_3.TestJsonArray_JsonObject_List" name="testJsonArrayusingJsonObject">
    <skipped/>
  </testcase> <!-- testJsonArrayusingJsonObject -->
  <system-out/>
</testsuite> <!-- RestAssured_3.TestJsonArray_JsonObject_List -->
