<?xml version="1.0" encoding="UTF-8"?>
<!-- Generated by org.testng.reporters.JUnitReportReporter -->
<testsuite hostname="HP" failures="0" tests="1" name="RestAssured_2.TestJsonDeserlize" time="2.007" errors="0" timestamp="2023-10-31T10:39:00 IST" skipped="0">
  <testcase classname="RestAssured_2.TestJsonDeserlize" name="TestJsonDeserlize" time="2.007"/>
  <system-out/>
</testsuite> <!-- RestAssured_2.TestJsonDeserlize -->
