<?xml version="1.0" encoding="UTF-8"?>
<!-- Generated by org.testng.reporters.JUnitReportReporter -->
<testsuite hostname="HP" failures="0" tests="2" name="RestAssured_1.Validate_Http_Resoponse" time="2.179" errors="0" timestamp="2023-10-27T12:15:46 IST" skipped="0">
  <testcase classname="RestAssured_1.Validate_Http_Resoponse" name="test_validate_BDD" time="1.661"/>
  <system-out/>
  <testcase classname="RestAssured_1.Validate_Http_Resoponse" name="test_validate_response" time="0.518"/>
  <system-out/>
</testsuite> <!-- RestAssured_1.Validate_Http_Resoponse -->
