<?xml version="1.0" encoding="UTF-8"?>
<!-- Generated by org.testng.reporters.JUnitReportReporter -->
<testsuite hostname="HP" failures="0" tests="1" name="RestAssured_1.Test_Post_Method" time="1.948" errors="0" timestamp="2023-10-27T10:34:45 IST" skipped="0">
  <testcase classname="RestAssured_1.Test_Post_Method" name="testpost01" time="1.948"/>
  <system-out/>
</testsuite> <!-- RestAssured_1.Test_Post_Method -->
