<?xml version="1.0" encoding="UTF-8"?>
<!-- Generated by org.testng.reporters.JUnitReportReporter -->
<testsuite hostname="HP" failures="0" tests="2" name="RestAssured_2.UploadFile_Image" time="3.419" errors="0" timestamp="2023-10-31T17:35:07 IST" skipped="1">
  <testcase classname="RestAssured_2.UploadFile_Image" name="uploadImage" time="3.419"/>
  <system-out/>
  <testcase classname="RestAssured_2.UploadFile_Image" name="uploadFile">
    <skipped/>
  </testcase> <!-- uploadFile -->
  <system-out/>
</testsuite> <!-- RestAssured_2.UploadFile_Image -->
