<?xml version="1.0" encoding="UTF-8"?>
<!-- Generated by org.testng.reporters.JUnitReportReporter -->
<testsuite hostname="HP" failures="0" tests="1" name="RestAssured_2.VSLogin" time="2.503" errors="0" timestamp="2023-10-30T23:00:48 IST" skipped="0">
  <testcase classname="RestAssured_2.VSLogin" name="testLogin" time="2.503"/>
  <system-out/>
</testsuite> <!-- RestAssured_2.VSLogin -->
