<?xml version="1.0" encoding="UTF-8"?>
<!-- Generated by org.testng.reporters.JUnitReportReporter -->
<testsuite hostname="HP" failures="0" tests="4" name="RestAssured_2.CreateOwnAPI" time="1.060" errors="0" timestamp="2023-10-31T18:32:06 IST" skipped="3">
  <testcase classname="RestAssured_2.CreateOwnAPI" name="deleteUserdata" time="1.060"/>
  <system-out/>
  <testcase classname="RestAssured_2.CreateOwnAPI" name="getUserdata">
    <skipped/>
  </testcase> <!-- getUserdata -->
  <system-out/>
  <testcase classname="RestAssured_2.CreateOwnAPI" name="updateUserdata">
    <skipped/>
  </testcase> <!-- updateUserdata -->
  <system-out/>
  <testcase classname="RestAssured_2.CreateOwnAPI" name="CreateUserdata">
    <skipped/>
  </testcase> <!-- CreateUserdata -->
  <system-out/>
</testsuite> <!-- RestAssured_2.CreateOwnAPI -->
