<?xml version="1.0" encoding="UTF-8"?>
<!-- Generated by org.testng.reporters.JUnitReportReporter -->
<testsuite hostname="HP" failures="0" tests="1" name="POJO_Classes.TestJsonArraySerlize_Deserlize" time="2.653" errors="0" timestamp="2023-10-31T23:13:13 IST" skipped="0">
  <testcase classname="POJO_Classes.TestJsonArraySerlize_Deserlize" name="testJsonArrayObjecttoJson" time="2.653"/>
  <system-out/>
</testsuite> <!-- POJO_Classes.TestJsonArraySerlize_Deserlize -->
