<?xml version="1.0" encoding="UTF-8"?>
<!-- Generated by org.testng.reporters.JUnitReportReporter -->
<testsuite hostname="HP" failures="0" tests="1" name="RestAssured_2.TestBasicAuth" time="3.018" errors="0" timestamp="2023-10-30T21:49:09 IST" skipped="0">
  <testcase classname="RestAssured_2.TestBasicAuth" name="testBasicAuth" time="3.018"/>
  <system-out/>
</testsuite> <!-- RestAssured_2.TestBasicAuth -->
