<?xml version="1.0" encoding="UTF-8"?>
<!-- Generated by org.testng.reporters.JUnitReportReporter -->
<testsuite hostname="HP" failures="0" tests="2" name="RestAssured_2.TestBearerToken" time="1.301" errors="0" timestamp="2023-10-30T22:30:54 IST" skipped="1">
  <testcase classname="RestAssured_2.TestBearerToken" name="testBearer2" time="1.301"/>
  <system-out/>
  <testcase classname="RestAssured_2.TestBearerToken" name="testbearerToken">
    <skipped/>
  </testcase> <!-- testbearerToken -->
  <system-out/>
</testsuite> <!-- RestAssured_2.TestBearerToken -->
